[0.121s] DEBUG:colcon:Command line arguments: ['/usr/bin/colcon', 'list', '-p', '--base-paths', '/home/devil/Desktop/Coding/Robotics/bwsi-uav/BWSI_UAV_DELTAV']
[0.121s] DEBUG:colcon:Parsed command line arguments: Namespace(log_base=None, log_level=None, verb_name='list', build_base='build', ignore_user_meta=False, metas=['./colcon.meta'], base_paths=['/home/devil/Desktop/Coding/Robotics/bwsi-uav/BWSI_UAV_DELTAV'], packages_ignore=None, packages_ignore_regex=None, paths=None, packages_up_to=None, packages_up_to_regex=None, packages_above=None, packages_above_and_dependencies=None, packages_above_depth=None, packages_select_by_dep=None, packages_skip_by_dep=None, packages_skip_up_to=None, packages_select_build_failed=False, packages_skip_build_finished=False, packages_select_test_failures=False, packages_skip_test_passed=False, packages_select=None, packages_skip=None, packages_select_regex=None, packages_skip_regex=None, packages_start=None, packages_end=None, allow_overriding=[], topological_order=False, names_only=False, paths_only=True, topological_graph=False, topological_graph_dot=False, topological_graph_density=False, topological_graph_legend=False, topological_graph_dot_cluster=False, topological_graph_dot_include_skipped=False, mixin_files=None, mixin=None, verb_parser=<colcon_mixin.mixin.mixin_argument.MixinArgumentDecorator object at 0x71051e56e4d0>, verb_extension=<colcon_package_information.verb.list.ListVerb object at 0x71051e56d3f0>, main=<bound method ListVerb.main of <colcon_package_information.verb.list.ListVerb object at 0x71051e56d3f0>>, mixin_verb=('list',))
[0.179s] Level 1:colcon.colcon_core.package_discovery:discover_packages(colcon_meta) check parameters
[0.180s] Level 1:colcon.colcon_core.package_discovery:discover_packages(recursive) check parameters
[0.180s] Level 1:colcon.colcon_core.package_discovery:discover_packages(ignore) check parameters
[0.180s] Level 1:colcon.colcon_core.package_discovery:discover_packages(path) check parameters
[0.180s] Level 1:colcon.colcon_core.package_discovery:discover_packages(recursive) discover
[0.180s] INFO:colcon.colcon_core.package_discovery:Crawling recursively for packages in '/home/devil/Desktop/Coding/Robotics/bwsi-uav/BWSI_UAV_DELTAV'
[0.180s] Level 1:colcon.colcon_core.package_identification:_identify(/home/devil/Desktop/Coding/Robotics/bwsi-uav/BWSI_UAV_DELTAV) by extensions ['ignore', 'ignore_ament_install']
[0.180s] Level 1:colcon.colcon_core.package_identification:_identify(/home/devil/Desktop/Coding/Robotics/bwsi-uav/BWSI_UAV_DELTAV) by extension 'ignore'
[0.180s] Level 1:colcon.colcon_core.package_identification:_identify(/home/devil/Desktop/Coding/Robotics/bwsi-uav/BWSI_UAV_DELTAV) by extension 'ignore_ament_install'
[0.180s] Level 1:colcon.colcon_core.package_identification:_identify(/home/devil/Desktop/Coding/Robotics/bwsi-uav/BWSI_UAV_DELTAV) by extensions ['colcon_pkg']
[0.180s] Level 1:colcon.colcon_core.package_identification:_identify(/home/devil/Desktop/Coding/Robotics/bwsi-uav/BWSI_UAV_DELTAV) by extension 'colcon_pkg'
[0.180s] Level 1:colcon.colcon_core.package_identification:_identify(/home/devil/Desktop/Coding/Robotics/bwsi-uav/BWSI_UAV_DELTAV) by extensions ['colcon_meta']
[0.180s] Level 1:colcon.colcon_core.package_identification:_identify(/home/devil/Desktop/Coding/Robotics/bwsi-uav/BWSI_UAV_DELTAV) by extension 'colcon_meta'
[0.181s] Level 1:colcon.colcon_core.package_identification:_identify(/home/devil/Desktop/Coding/Robotics/bwsi-uav/BWSI_UAV_DELTAV) by extensions ['ros']
[0.181s] Level 1:colcon.colcon_core.package_identification:_identify(/home/devil/Desktop/Coding/Robotics/bwsi-uav/BWSI_UAV_DELTAV) by extension 'ros'
[0.202s] Level 1:colcon.colcon_core.package_identification:_identify(/home/devil/Desktop/Coding/Robotics/bwsi-uav/BWSI_UAV_DELTAV) by extensions ['cmake', 'python']
[0.202s] Level 1:colcon.colcon_core.package_identification:_identify(/home/devil/Desktop/Coding/Robotics/bwsi-uav/BWSI_UAV_DELTAV) by extension 'cmake'
[0.202s] Level 1:colcon.colcon_core.package_identification:_identify(/home/devil/Desktop/Coding/Robotics/bwsi-uav/BWSI_UAV_DELTAV) by extension 'python'
[0.202s] Level 1:colcon.colcon_core.package_identification:_identify(/home/devil/Desktop/Coding/Robotics/bwsi-uav/BWSI_UAV_DELTAV) by extensions ['python_setup_py']
[0.202s] Level 1:colcon.colcon_core.package_identification:_identify(/home/devil/Desktop/Coding/Robotics/bwsi-uav/BWSI_UAV_DELTAV) by extension 'python_setup_py'
[0.202s] Level 1:colcon.colcon_core.package_identification:_identify(/home/devil/Desktop/Coding/Robotics/bwsi-uav/BWSI_UAV_DELTAV/build) by extensions ['ignore', 'ignore_ament_install']
[0.202s] Level 1:colcon.colcon_core.package_identification:_identify(/home/devil/Desktop/Coding/Robotics/bwsi-uav/BWSI_UAV_DELTAV/build) by extension 'ignore'
[0.202s] Level 1:colcon.colcon_core.package_identification:_identify(/home/devil/Desktop/Coding/Robotics/bwsi-uav/BWSI_UAV_DELTAV/build) ignored
[0.203s] Level 1:colcon.colcon_core.package_identification:_identify(/home/devil/Desktop/Coding/Robotics/bwsi-uav/BWSI_UAV_DELTAV/install) by extensions ['ignore', 'ignore_ament_install']
[0.203s] Level 1:colcon.colcon_core.package_identification:_identify(/home/devil/Desktop/Coding/Robotics/bwsi-uav/BWSI_UAV_DELTAV/install) by extension 'ignore'
[0.203s] Level 1:colcon.colcon_core.package_identification:_identify(/home/devil/Desktop/Coding/Robotics/bwsi-uav/BWSI_UAV_DELTAV/install) ignored
[0.203s] Level 1:colcon.colcon_core.package_identification:_identify(/home/devil/Desktop/Coding/Robotics/bwsi-uav/BWSI_UAV_DELTAV/log) by extensions ['ignore', 'ignore_ament_install']
[0.203s] Level 1:colcon.colcon_core.package_identification:_identify(/home/devil/Desktop/Coding/Robotics/bwsi-uav/BWSI_UAV_DELTAV/log) by extension 'ignore'
[0.203s] Level 1:colcon.colcon_core.package_identification:_identify(/home/devil/Desktop/Coding/Robotics/bwsi-uav/BWSI_UAV_DELTAV/log) ignored
[0.203s] Level 1:colcon.colcon_core.package_identification:_identify(/home/devil/Desktop/Coding/Robotics/bwsi-uav/BWSI_UAV_DELTAV/src) by extensions ['ignore', 'ignore_ament_install']
[0.203s] Level 1:colcon.colcon_core.package_identification:_identify(/home/devil/Desktop/Coding/Robotics/bwsi-uav/BWSI_UAV_DELTAV/src) by extension 'ignore'
[0.203s] Level 1:colcon.colcon_core.package_identification:_identify(/home/devil/Desktop/Coding/Robotics/bwsi-uav/BWSI_UAV_DELTAV/src) by extension 'ignore_ament_install'
[0.203s] Level 1:colcon.colcon_core.package_identification:_identify(/home/devil/Desktop/Coding/Robotics/bwsi-uav/BWSI_UAV_DELTAV/src) by extensions ['colcon_pkg']
[0.204s] Level 1:colcon.colcon_core.package_identification:_identify(/home/devil/Desktop/Coding/Robotics/bwsi-uav/BWSI_UAV_DELTAV/src) by extension 'colcon_pkg'
[0.204s] Level 1:colcon.colcon_core.package_identification:_identify(/home/devil/Desktop/Coding/Robotics/bwsi-uav/BWSI_UAV_DELTAV/src) by extensions ['colcon_meta']
[0.204s] Level 1:colcon.colcon_core.package_identification:_identify(/home/devil/Desktop/Coding/Robotics/bwsi-uav/BWSI_UAV_DELTAV/src) by extension 'colcon_meta'
[0.204s] Level 1:colcon.colcon_core.package_identification:_identify(/home/devil/Desktop/Coding/Robotics/bwsi-uav/BWSI_UAV_DELTAV/src) by extensions ['ros']
[0.204s] Level 1:colcon.colcon_core.package_identification:_identify(/home/devil/Desktop/Coding/Robotics/bwsi-uav/BWSI_UAV_DELTAV/src) by extension 'ros'
[0.204s] Level 1:colcon.colcon_core.package_identification:_identify(/home/devil/Desktop/Coding/Robotics/bwsi-uav/BWSI_UAV_DELTAV/src) by extensions ['cmake', 'python']
[0.204s] Level 1:colcon.colcon_core.package_identification:_identify(/home/devil/Desktop/Coding/Robotics/bwsi-uav/BWSI_UAV_DELTAV/src) by extension 'cmake'
[0.204s] Level 1:colcon.colcon_core.package_identification:_identify(/home/devil/Desktop/Coding/Robotics/bwsi-uav/BWSI_UAV_DELTAV/src) by extension 'python'
[0.204s] Level 1:colcon.colcon_core.package_identification:_identify(/home/devil/Desktop/Coding/Robotics/bwsi-uav/BWSI_UAV_DELTAV/src) by extensions ['python_setup_py']
[0.204s] Level 1:colcon.colcon_core.package_identification:_identify(/home/devil/Desktop/Coding/Robotics/bwsi-uav/BWSI_UAV_DELTAV/src) by extension 'python_setup_py'
[0.204s] Level 1:colcon.colcon_core.package_identification:_identify(/home/devil/Desktop/Coding/Robotics/bwsi-uav/BWSI_UAV_DELTAV/src/my_robot_controller) by extensions ['ignore', 'ignore_ament_install']
[0.204s] Level 1:colcon.colcon_core.package_identification:_identify(/home/devil/Desktop/Coding/Robotics/bwsi-uav/BWSI_UAV_DELTAV/src/my_robot_controller) by extension 'ignore'
[0.204s] Level 1:colcon.colcon_core.package_identification:_identify(/home/devil/Desktop/Coding/Robotics/bwsi-uav/BWSI_UAV_DELTAV/src/my_robot_controller) by extension 'ignore_ament_install'
[0.204s] Level 1:colcon.colcon_core.package_identification:_identify(/home/devil/Desktop/Coding/Robotics/bwsi-uav/BWSI_UAV_DELTAV/src/my_robot_controller) by extensions ['colcon_pkg']
[0.204s] Level 1:colcon.colcon_core.package_identification:_identify(/home/devil/Desktop/Coding/Robotics/bwsi-uav/BWSI_UAV_DELTAV/src/my_robot_controller) by extension 'colcon_pkg'
[0.204s] Level 1:colcon.colcon_core.package_identification:_identify(/home/devil/Desktop/Coding/Robotics/bwsi-uav/BWSI_UAV_DELTAV/src/my_robot_controller) by extensions ['colcon_meta']
[0.204s] Level 1:colcon.colcon_core.package_identification:_identify(/home/devil/Desktop/Coding/Robotics/bwsi-uav/BWSI_UAV_DELTAV/src/my_robot_controller) by extension 'colcon_meta'
[0.205s] Level 1:colcon.colcon_core.package_identification:_identify(/home/devil/Desktop/Coding/Robotics/bwsi-uav/BWSI_UAV_DELTAV/src/my_robot_controller) by extensions ['ros']
[0.205s] Level 1:colcon.colcon_core.package_identification:_identify(/home/devil/Desktop/Coding/Robotics/bwsi-uav/BWSI_UAV_DELTAV/src/my_robot_controller) by extension 'ros'
[0.208s] DEBUG:colcon.colcon_core.package_identification:Package '/home/devil/Desktop/Coding/Robotics/bwsi-uav/BWSI_UAV_DELTAV/src/my_robot_controller' with type 'ros.ament_python' and name 'my_robot_controller'
[0.208s] Level 1:colcon.colcon_core.package_discovery:discover_packages(recursive) using defaults
