[0.525s] Invoking command in '/home/devil/Desktop/Coding/Robotics/bwsi-uav/BWSI_UAV_DELTAV/build/my_robot_controller': PYTHONPATH=/home/devil/Desktop/Coding/Robotics/bwsi-uav/BWSI_UAV_DELTAV/build/my_robot_controller/prefix_override:/usr/lib/python3/dist-packages/colcon_core/task/python/colcon_distutils_commands:/home/devil/Desktop/Coding/Robotics/bwsi-uav/BWSI_UAV_DELTAV/install/my_robot_controller/lib/python3.10/site-packages:${PYTHONPATH} /usr/bin/python3 -W ignore:setup.py install is deprecated setup.py develop --editable --build-directory /home/devil/Desktop/Coding/Robotics/bwsi-uav/BWSI_UAV_DELTAV/build/my_robot_controller/build --no-deps symlink_data
[0.742s] running develop
[0.742s] /home/devil/.local/lib/python3.10/site-packages/setuptools/command/develop.py:42: EasyInstallDeprecationWarning: easy_install command is deprecated.
[0.742s] !!
[0.742s] 
[0.742s]         ********************************************************************************
[0.742s]         Please avoid running ``setup.py`` and ``easy_install``.
[0.742s]         Instead, use pypa/build, pypa/installer or other
[0.742s]         standards-based tools.
[0.742s] 
[0.742s]         See https://github.com/pypa/setuptools/issues/917 for details.
[0.742s]         ********************************************************************************
[0.742s] 
[0.742s] !!
[0.742s]   easy_install.initialize_options(self)
[0.882s] running egg_info
[0.892s] writing my_robot_controller.egg-info/PKG-INFO
[0.893s] writing dependency_links to my_robot_controller.egg-info/dependency_links.txt
[0.893s] writing entry points to my_robot_controller.egg-info/entry_points.txt
[0.893s] writing requirements to my_robot_controller.egg-info/requires.txt
[0.893s] writing top-level names to my_robot_controller.egg-info/top_level.txt
[0.919s] reading manifest file 'my_robot_controller.egg-info/SOURCES.txt'
[0.920s] writing manifest file 'my_robot_controller.egg-info/SOURCES.txt'
[0.931s] running build_ext
[0.931s] Creating /home/devil/Desktop/Coding/Robotics/bwsi-uav/BWSI_UAV_DELTAV/install/my_robot_controller/lib/python3.10/site-packages/my-robot-controller.egg-link (link to .)
[0.932s] Installing draw_circle script to /home/devil/Desktop/Coding/Robotics/bwsi-uav/BWSI_UAV_DELTAV/install/my_robot_controller/lib/my_robot_controller
[0.932s] Installing test_node script to /home/devil/Desktop/Coding/Robotics/bwsi-uav/BWSI_UAV_DELTAV/install/my_robot_controller/lib/my_robot_controller
[0.932s] 
[0.932s] Installed /home/devil/Desktop/Coding/Robotics/bwsi-uav/BWSI_UAV_DELTAV/build/my_robot_controller
[0.932s] running symlink_data
[0.951s] Invoked command in '/home/devil/Desktop/Coding/Robotics/bwsi-uav/BWSI_UAV_DELTAV/build/my_robot_controller' returned '0': PYTHONPATH=/home/devil/Desktop/Coding/Robotics/bwsi-uav/BWSI_UAV_DELTAV/build/my_robot_controller/prefix_override:/usr/lib/python3/dist-packages/colcon_core/task/python/colcon_distutils_commands:/home/devil/Desktop/Coding/Robotics/bwsi-uav/BWSI_UAV_DELTAV/install/my_robot_controller/lib/python3.10/site-packages:${PYTHONPATH} /usr/bin/python3 -W ignore:setup.py install is deprecated setup.py develop --editable --build-directory /home/devil/Desktop/Coding/Robotics/bwsi-uav/BWSI_UAV_DELTAV/build/my_robot_controller/build --no-deps symlink_data
