[0.467s] Invoking command in '/home/devil/Desktop/Coding/Robotics/bwsi-uav/BWSI_UAV_DELTAV/src/my_robot_controller': PYTHONPATH=/home/devil/Desktop/Coding/Robotics/bwsi-uav/BWSI_UAV_DELTAV/build/my_robot_controller/prefix_override:/usr/lib/python3/dist-packages/colcon_core/task/python/colcon_distutils_commands:/home/devil/Desktop/Coding/Robotics/bwsi-uav/BWSI_UAV_DELTAV/install/my_robot_controller/lib/python3.10/site-packages:${PYTHONPATH} /usr/bin/python3 -W ignore:setup.py install is deprecated setup.py egg_info --egg-base ../../build/my_robot_controller build --build-base /home/devil/Desktop/Coding/Robotics/bwsi-uav/BWSI_UAV_DELTAV/build/my_robot_controller/build install --record /home/devil/Desktop/Coding/Robotics/bwsi-uav/BWSI_UAV_DELTAV/build/my_robot_controller/install.log --single-version-externally-managed install_data
[0.638s] running egg_info
[0.638s] writing ../../build/my_robot_controller/my_robot_controller.egg-info/PKG-INFO
[0.638s] writing dependency_links to ../../build/my_robot_controller/my_robot_controller.egg-info/dependency_links.txt
[0.638s] writing entry points to ../../build/my_robot_controller/my_robot_controller.egg-info/entry_points.txt
[0.638s] writing requirements to ../../build/my_robot_controller/my_robot_controller.egg-info/requires.txt
[0.638s] writing top-level names to ../../build/my_robot_controller/my_robot_controller.egg-info/top_level.txt
[0.640s] reading manifest file '../../build/my_robot_controller/my_robot_controller.egg-info/SOURCES.txt'
[0.640s] writing manifest file '../../build/my_robot_controller/my_robot_controller.egg-info/SOURCES.txt'
[0.640s] running build
[0.640s] running build_py
[0.641s] running install
[0.641s] running install_lib
[0.642s] running install_data
[0.642s] running install_egg_info
[0.643s] removing '/home/devil/Desktop/Coding/Robotics/bwsi-uav/BWSI_UAV_DELTAV/install/my_robot_controller/lib/python3.10/site-packages/my_robot_controller-0.0.0-py3.10.egg-info' (and everything under it)
[0.643s] Copying ../../build/my_robot_controller/my_robot_controller.egg-info to /home/devil/Desktop/Coding/Robotics/bwsi-uav/BWSI_UAV_DELTAV/install/my_robot_controller/lib/python3.10/site-packages/my_robot_controller-0.0.0-py3.10.egg-info
[0.643s] running install_scripts
[0.656s] Installing draw_circle script to /home/devil/Desktop/Coding/Robotics/bwsi-uav/BWSI_UAV_DELTAV/install/my_robot_controller/lib/my_robot_controller
[0.656s] Installing test_node script to /home/devil/Desktop/Coding/Robotics/bwsi-uav/BWSI_UAV_DELTAV/install/my_robot_controller/lib/my_robot_controller
[0.657s] writing list of installed files to '/home/devil/Desktop/Coding/Robotics/bwsi-uav/BWSI_UAV_DELTAV/build/my_robot_controller/install.log'
[0.671s] Invoked command in '/home/devil/Desktop/Coding/Robotics/bwsi-uav/BWSI_UAV_DELTAV/src/my_robot_controller' returned '0': PYTHONPATH=/home/devil/Desktop/Coding/Robotics/bwsi-uav/BWSI_UAV_DELTAV/build/my_robot_controller/prefix_override:/usr/lib/python3/dist-packages/colcon_core/task/python/colcon_distutils_commands:/home/devil/Desktop/Coding/Robotics/bwsi-uav/BWSI_UAV_DELTAV/install/my_robot_controller/lib/python3.10/site-packages:${PYTHONPATH} /usr/bin/python3 -W ignore:setup.py install is deprecated setup.py egg_info --egg-base ../../build/my_robot_controller build --build-base /home/devil/Desktop/Coding/Robotics/bwsi-uav/BWSI_UAV_DELTAV/build/my_robot_controller/build install --record /home/devil/Desktop/Coding/Robotics/bwsi-uav/BWSI_UAV_DELTAV/build/my_robot_controller/install.log --single-version-externally-managed install_data
