[0.456s] Invoking command in '/home/devil/Desktop/Coding/Robotics/bwsi-uav/BWSI_UAV_DELTAV/src/build/my_robot_controller': PYTHONPATH=/home/devil/Desktop/Coding/Robotics/bwsi-uav/BWSI_UAV_DELTAV/src/build/my_robot_controller/prefix_override:/usr/lib/python3/dist-packages/colcon_core/task/python/colcon_distutils_commands:/home/devil/Desktop/Coding/Robotics/bwsi-uav/BWSI_UAV_DELTAV/src/install/my_robot_controller/lib/python3.10/site-packages:${PYTHONPATH} /usr/bin/python3 -W ignore:setup.py install is deprecated setup.py develop --editable --build-directory /home/devil/Desktop/Coding/Robotics/bwsi-uav/BWSI_UAV_DELTAV/src/build/my_robot_controller/build --no-deps symlink_data
[0.652s] running develop
[0.775s] running egg_info
[0.775s] creating my_robot_controller.egg-info
[0.775s] writing my_robot_controller.egg-info/PKG-INFO
[0.775s] writing dependency_links to my_robot_controller.egg-info/dependency_links.txt
[0.775s] writing entry points to my_robot_controller.egg-info/entry_points.txt
[0.775s] writing requirements to my_robot_controller.egg-info/requires.txt
[0.775s] writing top-level names to my_robot_controller.egg-info/top_level.txt
[0.775s] writing manifest file 'my_robot_controller.egg-info/SOURCES.txt'
[0.776s] reading manifest file 'my_robot_controller.egg-info/SOURCES.txt'
[0.777s] writing manifest file 'my_robot_controller.egg-info/SOURCES.txt'
[0.778s] running build_ext
[0.778s] Creating /home/devil/Desktop/Coding/Robotics/bwsi-uav/BWSI_UAV_DELTAV/src/install/my_robot_controller/lib/python3.10/site-packages/my-robot-controller.egg-link (link to .)
[0.778s] Installing draw_circle script to /home/devil/Desktop/Coding/Robotics/bwsi-uav/BWSI_UAV_DELTAV/src/install/my_robot_controller/lib/my_robot_controller
[0.779s] Installing pose_subscriber script to /home/devil/Desktop/Coding/Robotics/bwsi-uav/BWSI_UAV_DELTAV/src/install/my_robot_controller/lib/my_robot_controller
[0.779s] Installing test_node script to /home/devil/Desktop/Coding/Robotics/bwsi-uav/BWSI_UAV_DELTAV/src/install/my_robot_controller/lib/my_robot_controller
[0.779s] 
[0.779s] Installed /home/devil/Desktop/Coding/Robotics/bwsi-uav/BWSI_UAV_DELTAV/src/build/my_robot_controller
[0.779s] running symlink_data
[0.779s] creating /home/devil/Desktop/Coding/Robotics/bwsi-uav/BWSI_UAV_DELTAV/src/install/my_robot_controller/share/ament_index
[0.779s] creating /home/devil/Desktop/Coding/Robotics/bwsi-uav/BWSI_UAV_DELTAV/src/install/my_robot_controller/share/ament_index/resource_index
[0.779s] creating /home/devil/Desktop/Coding/Robotics/bwsi-uav/BWSI_UAV_DELTAV/src/install/my_robot_controller/share/ament_index/resource_index/packages
[0.779s] symbolically linking /home/devil/Desktop/Coding/Robotics/bwsi-uav/BWSI_UAV_DELTAV/src/build/my_robot_controller/resource/my_robot_controller -> /home/devil/Desktop/Coding/Robotics/bwsi-uav/BWSI_UAV_DELTAV/src/install/my_robot_controller/share/ament_index/resource_index/packages
[0.779s] symbolically linking /home/devil/Desktop/Coding/Robotics/bwsi-uav/BWSI_UAV_DELTAV/src/build/my_robot_controller/package.xml -> /home/devil/Desktop/Coding/Robotics/bwsi-uav/BWSI_UAV_DELTAV/src/install/my_robot_controller/share/my_robot_controller
[0.796s] Invoked command in '/home/devil/Desktop/Coding/Robotics/bwsi-uav/BWSI_UAV_DELTAV/src/build/my_robot_controller' returned '0': PYTHONPATH=/home/devil/Desktop/Coding/Robotics/bwsi-uav/BWSI_UAV_DELTAV/src/build/my_robot_controller/prefix_override:/usr/lib/python3/dist-packages/colcon_core/task/python/colcon_distutils_commands:/home/devil/Desktop/Coding/Robotics/bwsi-uav/BWSI_UAV_DELTAV/src/install/my_robot_controller/lib/python3.10/site-packages:${PYTHONPATH} /usr/bin/python3 -W ignore:setup.py install is deprecated setup.py develop --editable --build-directory /home/devil/Desktop/Coding/Robotics/bwsi-uav/BWSI_UAV_DELTAV/src/build/my_robot_controller/build --no-deps symlink_data
