[0.452s] Invoking command in '/home/devil/Desktop/Coding/Robotics/bwsi-uav/BWSI_UAV_DELTAV/build/my_robot_controller': PYTHONPATH=/home/devil/Desktop/Coding/Robotics/bwsi-uav/BWSI_UAV_DELTAV/build/my_robot_controller/prefix_override:/usr/lib/python3/dist-packages/colcon_core/task/python/colcon_distutils_commands:/home/devil/Desktop/Coding/Robotics/bwsi-uav/BWSI_UAV_DELTAV/install/my_robot_controller/lib/python3.10/site-packages:${PYTHONPATH} /usr/bin/python3 -W ignore:setup.py install is deprecated setup.py develop --editable --build-directory /home/devil/Desktop/Coding/Robotics/bwsi-uav/BWSI_UAV_DELTAV/build/my_robot_controller/build --no-deps symlink_data
[0.636s] running develop
[0.760s] running egg_info
[0.760s] writing my_robot_controller.egg-info/PKG-INFO
[0.760s] writing dependency_links to my_robot_controller.egg-info/dependency_links.txt
[0.760s] writing entry points to my_robot_controller.egg-info/entry_points.txt
[0.760s] writing requirements to my_robot_controller.egg-info/requires.txt
[0.760s] writing top-level names to my_robot_controller.egg-info/top_level.txt
[0.761s] reading manifest file 'my_robot_controller.egg-info/SOURCES.txt'
[0.762s] writing manifest file 'my_robot_controller.egg-info/SOURCES.txt'
[0.763s] running build_ext
[0.763s] Creating /home/devil/Desktop/Coding/Robotics/bwsi-uav/BWSI_UAV_DELTAV/install/my_robot_controller/lib/python3.10/site-packages/my-robot-controller.egg-link (link to .)
[0.764s] Installing draw_circle script to /home/devil/Desktop/Coding/Robotics/bwsi-uav/BWSI_UAV_DELTAV/install/my_robot_controller/lib/my_robot_controller
[0.764s] Installing pose_subscriber script to /home/devil/Desktop/Coding/Robotics/bwsi-uav/BWSI_UAV_DELTAV/install/my_robot_controller/lib/my_robot_controller
[0.764s] Installing test_node script to /home/devil/Desktop/Coding/Robotics/bwsi-uav/BWSI_UAV_DELTAV/install/my_robot_controller/lib/my_robot_controller
[0.764s] Installing turtle_controller script to /home/devil/Desktop/Coding/Robotics/bwsi-uav/BWSI_UAV_DELTAV/install/my_robot_controller/lib/my_robot_controller
[0.764s] 
[0.764s] Installed /home/devil/Desktop/Coding/Robotics/bwsi-uav/BWSI_UAV_DELTAV/build/my_robot_controller
[0.764s] running symlink_data
[0.782s] Invoked command in '/home/devil/Desktop/Coding/Robotics/bwsi-uav/BWSI_UAV_DELTAV/build/my_robot_controller' returned '0': PYTHONPATH=/home/devil/Desktop/Coding/Robotics/bwsi-uav/BWSI_UAV_DELTAV/build/my_robot_controller/prefix_override:/usr/lib/python3/dist-packages/colcon_core/task/python/colcon_distutils_commands:/home/devil/Desktop/Coding/Robotics/bwsi-uav/BWSI_UAV_DELTAV/install/my_robot_controller/lib/python3.10/site-packages:${PYTHONPATH} /usr/bin/python3 -W ignore:setup.py install is deprecated setup.py develop --editable --build-directory /home/devil/Desktop/Coding/Robotics/bwsi-uav/BWSI_UAV_DELTAV/build/my_robot_controller/build --no-deps symlink_data
